<?xml version="1.0" encoding="UTF-8"?>
<!-- Generated by org.testng.reporters.JUnitXMLReporter -->
<testsuite hostname="DESKTOP-QDVUGVC" ignored="0" name="Test" tests="4" failures="1" timestamp="2019-08-22T10:44:51 IST" time="11.027" errors="0">
  <testcase name="getUsers" time="6.514" classname="restAssured.getListofUsers"/>
  <testcase name="getToken" time="1.603" classname="restAssured.getAuth">
    <failure type="java.lang.AssertionError" message="expected [200] but found [404]">
      <![CDATA[java.lang.AssertionError: expected [200] but found [404]
at restAssured.getAuth.getToken(getAuth.java:41)
at java.util.ArrayList.forEach(Unknown Source)
... Removed 32 stack frames]]>
    </failure>
  </testcase> <!-- getToken -->
  <testcase name="AddnewUser" time="1.411" classname="restAssured.addUser"/>
  <testcase name="getSingleUser" time="1.354" classname="restAssured.getSingleUser"/>
</testsuite> <!-- Test -->
