<?xml version="1.0" encoding="UTF-8"?>
<testng-results skipped="0" failed="0" ignored="0" total="1" passed="1">
  <reporter-output>
  </reporter-output>
  <suite name="Suite" duration-ms="13508" started-at="2019-08-21T19:16:18 IST" finished-at="2019-08-21T19:16:31 IST">
    <groups>
    </groups>
    <test name="Default test" duration-ms="13508" started-at="2019-08-21T19:16:18 IST" finished-at="2019-08-21T19:16:31 IST">
      <class name="restAssured.getListofUsers">
        <test-method status="PASS" signature="getUsers()[pri:0, instance:restAssured.getListofUsers@5ae63ade]" name="getUsers" duration-ms="13344" started-at="2019-08-21T19:16:18 IST" finished-at="2019-08-21T19:16:31 IST">
          <reporter-output>
          </reporter-output>
        </test-method> <!-- getUsers -->
      </class> <!-- restAssured.getListofUsers -->
    </test> <!-- Default test -->
  </suite> <!-- Suite -->
</testng-results>
